<?xml version="1.0" encoding="UTF-8"?>
<testng-results skipped="0" failed="0" ignored="0" total="3" passed="3">
  <reporter-output>
  </reporter-output>
  <suite name="Default suite" duration-ms="31" started-at="2018-01-26T07:31:40Z" finished-at="2018-01-26T07:31:40Z">
    <groups>
    </groups>
    <test name="Default test" duration-ms="31" started-at="2018-01-26T07:31:40Z" finished-at="2018-01-26T07:31:40Z">
      <class name="com.javatest.NewTest">
        <test-method status="PASS" signature="testMethodTwo()[pri:0, instance:com.javatest.NewTest@735b5592]" name="testMethodTwo" duration-ms="16" started-at="2018-01-26T15:31:40Z" finished-at="2018-01-26T15:31:40Z">
          <reporter-output>
          </reporter-output>
        </test-method> <!-- testMethodTwo -->
        <test-method status="PASS" signature="testMethodOne()[pri:0, instance:com.javatest.NewTest@735b5592]" name="testMethodOne" duration-ms="0" started-at="2018-01-26T15:31:40Z" finished-at="2018-01-26T15:31:40Z">
          <reporter-output>
          </reporter-output>
        </test-method> <!-- testMethodOne -->
        <test-method status="PASS" signature="testMethodThree()[pri:0, instance:com.javatest.NewTest@735b5592]" name="testMethodThree" duration-ms="0" started-at="2018-01-26T15:31:40Z" depends-on-methods="com.javatest.NewTest.testMethodTwo" finished-at="2018-01-26T15:31:40Z">
          <reporter-output>
          </reporter-output>
        </test-method> <!-- testMethodThree -->
      </class> <!-- com.javatest.NewTest -->
    </test> <!-- Default test -->
  </suite> <!-- Default suite -->
</testng-results>
