<?xml version="1.0" encoding="UTF-8"?>
<!-- Generated by org.testng.reporters.JUnitXMLReporter -->
<testsuite hostname="ly-PC" ignored="0" name="Test" tests="3" failures="1" timestamp="02 二月 2018 05:51:58 GMT" time="5.228" errors="0">
  <testcase name="testCrmNg" time="4.512" classname="com.crmtestng.selenuimCrmTest"/>
  <testcase name="testCrmNg" time="0.696" classname="com.crmtestng.selenuimCrmTest"/>
  <testcase name="testCrmNg" time="5.217" classname="com.crmtestng.selenuimCrmTest">
    <failure type="org.testng.internal.reflect.MethodMatcherException" message="
Data provider mismatch
Method: testCrmNg([Parameter{index=0, type=java.lang.String, declaredAnnotations=[]}, Parameter{index=1, type=java.lang.String, declaredAnnotations=[]}, Parameter{index=2, type=java.lang.String, declaredAnnotations=[]}])
Arguments: [(java.lang.String) wanhu,(java.lang.String) 123456]">
      <![CDATA[org.testng.internal.reflect.MethodMatcherException: Data provider mismatchMethod: testCrmNg([Parameter{index=0, type=java.lang.String, declaredAnnotations=[]}, Parameter{index=1, type=java.lang.String, declaredAnnotations=[]}, Parameter{index=2, type=java.lang.String, declaredAnnotations=[]}])Arguments: [(java.lang.String) wanhu,(java.lang.String) 123456]... Removed 20 stack frames]]>
    </failure>
  </testcase> <!-- testCrmNg -->
</testsuite> <!-- Test -->
