<?xml version="1.0" encoding="UTF-8"?>
<!-- Generated by org.testng.reporters.JUnitXMLReporter -->
<testsuite hostname="ly-PC" ignored="0" name="Default test" tests="4" failures="0" timestamp="06 七月 2018 08:35:28 GMT" time="106.476" errors="0">
  <testcase name="login" time="3.506" classname="com.crm.order_demo.TestNGDemo"/>
  <testcase name="test_Order_1Management" time="29.226" classname="com.crm.order_demo.TestNGDemo"/>
  <testcase name="test_Order_2Navigation_Bar" time="32.211" classname="com.crm.order_demo.TestNGDemo"/>
  <testcase name="test_Order_3Menu_Little" time="41.505" classname="com.crm.order_demo.TestNGDemo"/>
</testsuite> <!-- Default test -->
