<?xml version="1.0" encoding="UTF-8"?>
<!-- Generated by org.testng.reporters.JUnitXMLReporter -->
<testsuite hostname="ly-PC" ignored="0" name="Default test" tests="3" failures="0" timestamp="26 一月 2018 07:31:40 GMT" time="0.031" errors="0">
  <testcase name="testMethodTwo" time="0.016" classname="com.javatest.NewTest"/>
  <testcase name="testMethodOne" time="0.0" classname="com.javatest.NewTest"/>
  <testcase name="testMethodThree" time="0.0" classname="com.javatest.NewTest"/>
</testsuite> <!-- Default test -->
