<?xml version="1.0" encoding="UTF-8"?>
<testng-results skipped="0" failed="1" ignored="0" total="1" passed="0">
  <reporter-output>
  </reporter-output>
  <suite name="Default suite" duration-ms="17744" started-at="2018-03-02T02:29:57Z" finished-at="2018-03-02T02:30:15Z">
    <groups>
    </groups>
    <test name="Default test" duration-ms="17744" started-at="2018-03-02T02:29:57Z" finished-at="2018-03-02T02:30:15Z">
      <class name="com.test.order.OrderTest">
        <test-method status="PASS" signature="steUp()[pri:0, instance:com.test.order.OrderTest@32eebfca]" name="steUp" is-config="true" duration-ms="6934" started-at="2018-03-02T10:29:51Z" finished-at="2018-03-02T10:29:57Z">
          <reporter-output>
          </reporter-output>
        </test-method> <!-- steUp -->
        <test-method status="FAIL" signature="addContact()[pri:0, instance:com.test.order.OrderTest@32eebfca]" name="addContact" duration-ms="17726" started-at="2018-03-02T10:29:57Z" finished-at="2018-03-02T10:30:15Z">
          <exception class="org.openqa.selenium.NoSuchElementException">
            <message>
              <![CDATA[An element could not be located on the page using the given search parameters. (WARNING: The server did not provide any stacktrace information)Command duration or timeout: 873 millisecondsFor documentation on this error, please visit: http://seleniumhq.org/exceptions/no_such_element.htmlBuild info: version: '2.45.0', revision: '5017cb8', time: '2015-02-27 00:00:10'System info: host: 'ly-PC', ip: '10.1.10.80', os.name: 'Windows 7', os.arch: 'amd64', os.version: '6.1', java.version: '1.8.0_91'Driver info: io.appium.java_client.android.AndroidDriverCapabilities [{appPackage=com.wanhuhealth.wanhupatient.test, exported=true, networkConnectionEnabled=true, warnings={}, appWaitActivity=com.wanhuhealth.wanhupatient.app.activity.LoginActivity, databaseEnabled=false, deviceName=5ab0fae3, platform=LINUX, appActivity=com.wanhuhealth.wanhupatient.app.activity.LoginActivity, desired={appPackage=com.wanhuhealth.wanhupatient.test, appActivity=com.wanhuhealth.wanhupatient.app.activity.LoginActivity, exported=true, platformVersion=4.4.4, appWaitActivity=com.wanhuhealth.wanhupatient.app.activity.LoginActivity, browserName=, sessionOverride=true, platformName=Android, deviceName=5ab0fae3}, platformVersion=4.4.4, webStorageEnabled=false, locationContextEnabled=false, browserName=, takesScreenshot=true, javascriptEnabled=true, sessionOverride=true, platformName=Android}]Session ID: 88118452-4d98-4b48-8dfd-8f6ef104bf7e*** Element info: {Using=name, value=登录}]]>
            </message>
            <full-stacktrace>
              <![CDATA[org.openqa.selenium.NoSuchElementException: An element could not be located on the page using the given search parameters. (WARNING: The server did not provide any stacktrace information)Command duration or timeout: 873 millisecondsFor documentation on this error, please visit: http://seleniumhq.org/exceptions/no_such_element.htmlBuild info: version: '2.45.0', revision: '5017cb8', time: '2015-02-27 00:00:10'System info: host: 'ly-PC', ip: '10.1.10.80', os.name: 'Windows 7', os.arch: 'amd64', os.version: '6.1', java.version: '1.8.0_91'Driver info: io.appium.java_client.android.AndroidDriverCapabilities [{appPackage=com.wanhuhealth.wanhupatient.test, exported=true, networkConnectionEnabled=true, warnings={}, appWaitActivity=com.wanhuhealth.wanhupatient.app.activity.LoginActivity, databaseEnabled=false, deviceName=5ab0fae3, platform=LINUX, appActivity=com.wanhuhealth.wanhupatient.app.activity.LoginActivity, desired={appPackage=com.wanhuhealth.wanhupatient.test, appActivity=com.wanhuhealth.wanhupatient.app.activity.LoginActivity, exported=true, platformVersion=4.4.4, appWaitActivity=com.wanhuhealth.wanhupatient.app.activity.LoginActivity, browserName=, sessionOverride=true, platformName=Android, deviceName=5ab0fae3}, platformVersion=4.4.4, webStorageEnabled=false, locationContextEnabled=false, browserName=, takesScreenshot=true, javascriptEnabled=true, sessionOverride=true, platformName=Android}]Session ID: 88118452-4d98-4b48-8dfd-8f6ef104bf7e*** Element info: {Using=name, value=登录}at sun.reflect.NativeConstructorAccessorImpl.newInstance0(Native Method)at sun.reflect.NativeConstructorAccessorImpl.newInstance(NativeConstructorAccessorImpl.java:62)at sun.reflect.DelegatingConstructorAccessorImpl.newInstance(DelegatingConstructorAccessorImpl.java:45)at java.lang.reflect.Constructor.newInstance(Constructor.java:423)at org.openqa.selenium.remote.ErrorHandler.createThrowable(ErrorHandler.java:204)at org.openqa.selenium.remote.ErrorHandler.throwIfResponseFailed(ErrorHandler.java:156)at org.openqa.selenium.remote.RemoteWebDriver.execute(RemoteWebDriver.java:599)at io.appium.java_client.DefaultGenericMobileDriver.execute(DefaultGenericMobileDriver.java:42)at io.appium.java_client.AppiumDriver.execute(AppiumDriver.java:1)at io.appium.java_client.android.AndroidDriver.execute(AndroidDriver.java:1)at org.openqa.selenium.remote.RemoteWebDriver.findElement(RemoteWebDriver.java:352)at org.openqa.selenium.remote.RemoteWebDriver.findElementByName(RemoteWebDriver.java:425)at io.appium.java_client.DefaultGenericMobileDriver.findElementByName(DefaultGenericMobileDriver.java:102)at io.appium.java_client.AppiumDriver.findElementByName(AppiumDriver.java:1)at io.appium.java_client.android.AndroidDriver.findElementByName(AndroidDriver.java:1)at com.test.order.OrderTest.addContact(OrderTest.java:50)at sun.reflect.NativeMethodAccessorImpl.invoke0(Native Method)at sun.reflect.NativeMethodAccessorImpl.invoke(NativeMethodAccessorImpl.java:62)at sun.reflect.DelegatingMethodAccessorImpl.invoke(DelegatingMethodAccessorImpl.java:43)at java.lang.reflect.Method.invoke(Method.java:498)at org.testng.internal.MethodInvocationHelper.invokeMethod(MethodInvocationHelper.java:124)at org.testng.internal.Invoker.invokeMethod(Invoker.java:571)at org.testng.internal.Invoker.invokeTestMethod(Invoker.java:707)at org.testng.internal.Invoker.invokeTestMethods(Invoker.java:979)at org.testng.internal.TestMethodWorker.invokeTestMethods(TestMethodWorker.java:125)at org.testng.internal.TestMethodWorker.run(TestMethodWorker.java:109)at org.testng.TestRunner.privateRun(TestRunner.java:648)at org.testng.TestRunner.run(TestRunner.java:505)at org.testng.SuiteRunner.runTest(SuiteRunner.java:455)at org.testng.SuiteRunner.runSequentially(SuiteRunner.java:450)at org.testng.SuiteRunner.privateRun(SuiteRunner.java:415)at org.testng.SuiteRunner.run(SuiteRunner.java:364)at org.testng.SuiteRunnerWorker.runSuite(SuiteRunnerWorker.java:52)at org.testng.SuiteRunnerWorker.run(SuiteRunnerWorker.java:84)at org.testng.TestNG.runSuitesSequentially(TestNG.java:1187)at org.testng.TestNG.runSuitesLocally(TestNG.java:1116)at org.testng.TestNG.runSuites(TestNG.java:1028)at org.testng.TestNG.run(TestNG.java:996)at org.testng.remote.AbstractRemoteTestNG.run(AbstractRemoteTestNG.java:114)at org.testng.remote.RemoteTestNG.initAndRun(RemoteTestNG.java:251)at org.testng.remote.RemoteTestNG.main(RemoteTestNG.java:77)]]>
            </full-stacktrace>
          </exception> <!-- org.openqa.selenium.NoSuchElementException -->
          <reporter-output>
          </reporter-output>
        </test-method> <!-- addContact -->
        <test-method status="PASS" signature="tearDown()[pri:0, instance:com.test.order.OrderTest@32eebfca]" name="tearDown" is-config="true" duration-ms="968" started-at="2018-03-02T10:30:15Z" finished-at="2018-03-02T10:30:16Z">
          <reporter-output>
          </reporter-output>
        </test-method> <!-- tearDown -->
      </class> <!-- com.test.order.OrderTest -->
    </test> <!-- Default test -->
  </suite> <!-- Default suite -->
</testng-results>
