<?xml version="1.0" encoding="UTF-8"?>
<testng-results skipped="0" failed="1" ignored="0" total="1" passed="0">
  <reporter-output>
  </reporter-output>
  <suite name="Default suite" duration-ms="40679" started-at="2018-03-02T09:54:59Z" finished-at="2018-03-02T09:55:40Z">
    <groups>
    </groups>
    <test name="Default test" duration-ms="40679" started-at="2018-03-02T09:54:59Z" finished-at="2018-03-02T09:55:40Z">
      <class name="com.order.main.Go">
        <test-method status="PASS" signature="steUp()[pri:0, instance:com.order.main.Go@2de8284b]" name="steUp" is-config="true" duration-ms="7654" started-at="2018-03-02T17:54:51Z" finished-at="2018-03-02T17:54:59Z">
          <reporter-output>
          </reporter-output>
        </test-method> <!-- steUp -->
        <test-method status="FAIL" signature="addContact()[pri:0, instance:com.order.main.Go@2de8284b]" name="addContact" duration-ms="40661" started-at="2018-03-02T17:54:59Z" finished-at="2018-03-02T17:55:40Z">
          <exception class="org.openqa.selenium.NoSuchElementException">
            <message>
              <![CDATA[An element could not be located on the page using the given search parameters. (WARNING: The server did not provide any stacktrace information)Command duration or timeout: 122 millisecondsFor documentation on this error, please visit: http://seleniumhq.org/exceptions/no_such_element.htmlBuild info: version: '2.45.0', revision: '5017cb8', time: '2015-02-27 00:00:10'System info: host: 'ly-PC', ip: '10.1.10.80', os.name: 'Windows 7', os.arch: 'amd64', os.version: '6.1', java.version: '1.8.0_91'Driver info: io.appium.java_client.android.AndroidDriverCapabilities [{appPackage=com.wanhuhealth.wanhupatient.test, unicodekeyboard=true, networkConnectionEnabled=true, warnings={}, databaseEnabled=false, deviceName=5ab0fae3, platform=LINUX, appActivity=com.wanhuhealth.wanhupatient.app.activity.LoginActivity, desired={appPackage=com.wanhuhealth.wanhupatient.test, appActivity=com.wanhuhealth.wanhupatient.app.activity.LoginActivity, unicodekeyboard=true, platformVersion=4.4.4, browserName=, sessionOverride=true, platformName=Android, deviceName=5ab0fae3, resetKeyboard=true}, platformVersion=4.4.4, webStorageEnabled=false, locationContextEnabled=false, browserName=, takesScreenshot=true, javascriptEnabled=true, sessionOverride=true, platformName=Android, resetKeyboard=true}]Session ID: 1bda0c2b-4964-492a-8f04-e903ff151fd7*** Element info: {Using=id, value=com.wanhuhealth.wanhupatient.test:id/btn_tosearch}]]>
            </message>
            <full-stacktrace>
              <![CDATA[org.openqa.selenium.NoSuchElementException: An element could not be located on the page using the given search parameters. (WARNING: The server did not provide any stacktrace information)Command duration or timeout: 122 millisecondsFor documentation on this error, please visit: http://seleniumhq.org/exceptions/no_such_element.htmlBuild info: version: '2.45.0', revision: '5017cb8', time: '2015-02-27 00:00:10'System info: host: 'ly-PC', ip: '10.1.10.80', os.name: 'Windows 7', os.arch: 'amd64', os.version: '6.1', java.version: '1.8.0_91'Driver info: io.appium.java_client.android.AndroidDriverCapabilities [{appPackage=com.wanhuhealth.wanhupatient.test, unicodekeyboard=true, networkConnectionEnabled=true, warnings={}, databaseEnabled=false, deviceName=5ab0fae3, platform=LINUX, appActivity=com.wanhuhealth.wanhupatient.app.activity.LoginActivity, desired={appPackage=com.wanhuhealth.wanhupatient.test, appActivity=com.wanhuhealth.wanhupatient.app.activity.LoginActivity, unicodekeyboard=true, platformVersion=4.4.4, browserName=, sessionOverride=true, platformName=Android, deviceName=5ab0fae3, resetKeyboard=true}, platformVersion=4.4.4, webStorageEnabled=false, locationContextEnabled=false, browserName=, takesScreenshot=true, javascriptEnabled=true, sessionOverride=true, platformName=Android, resetKeyboard=true}]Session ID: 1bda0c2b-4964-492a-8f04-e903ff151fd7*** Element info: {Using=id, value=com.wanhuhealth.wanhupatient.test:id/btn_tosearch}at sun.reflect.NativeConstructorAccessorImpl.newInstance0(Native Method)at sun.reflect.NativeConstructorAccessorImpl.newInstance(NativeConstructorAccessorImpl.java:62)at sun.reflect.DelegatingConstructorAccessorImpl.newInstance(DelegatingConstructorAccessorImpl.java:45)at java.lang.reflect.Constructor.newInstance(Constructor.java:423)at org.openqa.selenium.remote.ErrorHandler.createThrowable(ErrorHandler.java:204)at org.openqa.selenium.remote.ErrorHandler.throwIfResponseFailed(ErrorHandler.java:156)at org.openqa.selenium.remote.RemoteWebDriver.execute(RemoteWebDriver.java:599)at io.appium.java_client.DefaultGenericMobileDriver.execute(DefaultGenericMobileDriver.java:42)at io.appium.java_client.AppiumDriver.execute(AppiumDriver.java:1)at io.appium.java_client.android.AndroidDriver.execute(AndroidDriver.java:1)at org.openqa.selenium.remote.RemoteWebDriver.findElement(RemoteWebDriver.java:352)at org.openqa.selenium.remote.RemoteWebDriver.findElementById(RemoteWebDriver.java:393)at io.appium.java_client.DefaultGenericMobileDriver.findElementById(DefaultGenericMobileDriver.java:62)at io.appium.java_client.AppiumDriver.findElementById(AppiumDriver.java:1)at io.appium.java_client.android.AndroidDriver.findElementById(AndroidDriver.java:1)at com.order.main.Go.addContact(Go.java:72)at sun.reflect.NativeMethodAccessorImpl.invoke0(Native Method)at sun.reflect.NativeMethodAccessorImpl.invoke(NativeMethodAccessorImpl.java:62)at sun.reflect.DelegatingMethodAccessorImpl.invoke(DelegatingMethodAccessorImpl.java:43)at java.lang.reflect.Method.invoke(Method.java:498)at org.testng.internal.MethodInvocationHelper.invokeMethod(MethodInvocationHelper.java:124)at org.testng.internal.Invoker.invokeMethod(Invoker.java:571)at org.testng.internal.Invoker.invokeTestMethod(Invoker.java:707)at org.testng.internal.Invoker.invokeTestMethods(Invoker.java:979)at org.testng.internal.TestMethodWorker.invokeTestMethods(TestMethodWorker.java:125)at org.testng.internal.TestMethodWorker.run(TestMethodWorker.java:109)at org.testng.TestRunner.privateRun(TestRunner.java:648)at org.testng.TestRunner.run(TestRunner.java:505)at org.testng.SuiteRunner.runTest(SuiteRunner.java:455)at org.testng.SuiteRunner.runSequentially(SuiteRunner.java:450)at org.testng.SuiteRunner.privateRun(SuiteRunner.java:415)at org.testng.SuiteRunner.run(SuiteRunner.java:364)at org.testng.SuiteRunnerWorker.runSuite(SuiteRunnerWorker.java:52)at org.testng.SuiteRunnerWorker.run(SuiteRunnerWorker.java:84)at org.testng.TestNG.runSuitesSequentially(TestNG.java:1187)at org.testng.TestNG.runSuitesLocally(TestNG.java:1116)at org.testng.TestNG.runSuites(TestNG.java:1028)at org.testng.TestNG.run(TestNG.java:996)at org.testng.remote.AbstractRemoteTestNG.run(AbstractRemoteTestNG.java:114)at org.testng.remote.RemoteTestNG.initAndRun(RemoteTestNG.java:251)at org.testng.remote.RemoteTestNG.main(RemoteTestNG.java:77)]]>
            </full-stacktrace>
          </exception> <!-- org.openqa.selenium.NoSuchElementException -->
          <reporter-output>
          </reporter-output>
        </test-method> <!-- addContact -->
        <test-method status="PASS" signature="tearDown()[pri:0, instance:com.order.main.Go@2de8284b]" name="tearDown" is-config="true" duration-ms="987" started-at="2018-03-02T17:55:40Z" finished-at="2018-03-02T17:55:41Z">
          <reporter-output>
          </reporter-output>
        </test-method> <!-- tearDown -->
      </class> <!-- com.order.main.Go -->
    </test> <!-- Default test -->
  </suite> <!-- Default suite -->
</testng-results>
