<?xml version="1.0" encoding="UTF-8"?>
<testng-results skipped="0" failed="0" ignored="0" total="4" passed="4">
  <reporter-output>
    <line>
      <![CDATA[登记状态：登记成功患者信息：L自动化患者    男    37岁订单编号：101011807060070]]>
    </line>
    <line>
      <![CDATA[登记状态：登记成功患者信息：L自动化患者    男    37岁订单编号：101011807060080]]>
    </line>
    <line>
      <![CDATA[登记用药失败问题定位利用getMessage方法确认未找到的元素：element not visible  (Session info: chrome=66.0.3359.170)  (Driver info: chromedriver=2.40.565498 (ea082db3280dd6843ebfb08a625e3eb905c4f5ab),platform=Windows NT 6.1.7601 SP1 x86_64) (WARNING: The server did not provide any stacktrace information)Command duration or timeout: 30.11 secondsBuild info: version: '2.45.0', revision: '5017cb8e7ca8e37638dc3091b2440b90a1d8686f', time: '2015-02-27 09:10:26'System info: host: 'ly-PC', ip: '10.1.10.170', os.name: 'Windows 7', os.arch: 'amd64', os.version: '6.1', java.version: '1.8.0_91'Driver info: org.openqa.selenium.chrome.ChromeDriverCapabilities [{applicationCacheEnabled=false, rotatable=false, mobileEmulationEnabled=false, networkConnectionEnabled=false, chrome={chromedriverVersion=2.40.565498 (ea082db3280dd6843ebfb08a625e3eb905c4f5ab), userDataDir=C:\Users\ly\AppData\Local\Temp\scoped_dir13512_488}, takesHeapSnapshot=true, pageLoadStrategy=normal, databaseEnabled=false, handlesAlerts=true, hasTouchScreen=false, version=66.0.3359.170, platform=XP, browserConnectionEnabled=false, nativeEvents=true, acceptSslCerts=false, acceptInsecureCerts=false, locationContextEnabled=true, webStorageEnabled=true, browserName=chrome, takesScreenshot=true, javascriptEnabled=true, cssSelectorsEnabled=true, setWindowRect=true, unexpectedAlertBehaviour=}]Session ID: 8bbaa0b243210b3eb8f5c00279241a8b]]>
    </line>
  </reporter-output>
  <suite name="Default suite" duration-ms="106476" started-at="2018-07-06T08:33:42Z" finished-at="2018-07-06T08:35:28Z">
    <groups>
    </groups>
    <test name="Default test" duration-ms="106476" started-at="2018-07-06T08:33:42Z" finished-at="2018-07-06T08:35:28Z">
      <class name="com.crm.order_demo.TestNGDemo">
        <test-method status="PASS" signature="setUp()[pri:0, instance:com.crm.order_demo.TestNGDemo@27ce24aa]" name="setUp" is-config="true" duration-ms="4317" started-at="2018-07-06T16:33:37Z" finished-at="2018-07-06T16:33:42Z">
          <reporter-output>
          </reporter-output>
        </test-method> <!-- setUp -->
        <test-method status="PASS" signature="login(java.lang.String, java.lang.String, java.lang.String)[pri:0, instance:com.crm.order_demo.TestNGDemo@27ce24aa]" name="login" duration-ms="3506" started-at="2018-07-06T16:33:42Z" data-provider="user3" finished-at="2018-07-06T16:33:45Z">
          <params>
            <param index="0">
              <value>
                <![CDATA[testwanhu]]>
              </value>
            </param>
            <param index="1">
              <value>
                <![CDATA[a12345678]]>
              </value>
            </param>
            <param index="2">
              <value>
                <![CDATA[登录成功]]>
              </value>
            </param>
          </params>
          <reporter-output>
          </reporter-output>
        </test-method> <!-- login -->
        <test-method status="PASS" signature="test_Order_1Management()[pri:0, instance:com.crm.order_demo.TestNGDemo@27ce24aa]" name="test_Order_1Management" duration-ms="29226" started-at="2018-07-06T16:33:45Z" finished-at="2018-07-06T16:34:14Z">
          <reporter-output>
            <line>
              <![CDATA[登记状态：登记成功患者信息：L自动化患者    男    37岁订单编号：101011807060070]]>
            </line>
          </reporter-output>
        </test-method> <!-- test_Order_1Management -->
        <test-method status="PASS" signature="test_Order_2Navigation_Bar()[pri:0, instance:com.crm.order_demo.TestNGDemo@27ce24aa]" name="test_Order_2Navigation_Bar" duration-ms="32211" started-at="2018-07-06T16:34:14Z" finished-at="2018-07-06T16:34:47Z">
          <reporter-output>
            <line>
              <![CDATA[登记状态：登记成功患者信息：L自动化患者    男    37岁订单编号：101011807060080]]>
            </line>
          </reporter-output>
        </test-method> <!-- test_Order_2Navigation_Bar -->
        <test-method status="PASS" signature="test_Order_3Menu_Little()[pri:0, instance:com.crm.order_demo.TestNGDemo@27ce24aa]" name="test_Order_3Menu_Little" duration-ms="41505" started-at="2018-07-06T16:34:47Z" finished-at="2018-07-06T16:35:28Z">
          <reporter-output>
            <line>
              <![CDATA[登记用药失败问题定位利用getMessage方法确认未找到的元素：element not visible  (Session info: chrome=66.0.3359.170)  (Driver info: chromedriver=2.40.565498 (ea082db3280dd6843ebfb08a625e3eb905c4f5ab),platform=Windows NT 6.1.7601 SP1 x86_64) (WARNING: The server did not provide any stacktrace information)Command duration or timeout: 30.11 secondsBuild info: version: '2.45.0', revision: '5017cb8e7ca8e37638dc3091b2440b90a1d8686f', time: '2015-02-27 09:10:26'System info: host: 'ly-PC', ip: '10.1.10.170', os.name: 'Windows 7', os.arch: 'amd64', os.version: '6.1', java.version: '1.8.0_91'Driver info: org.openqa.selenium.chrome.ChromeDriverCapabilities [{applicationCacheEnabled=false, rotatable=false, mobileEmulationEnabled=false, networkConnectionEnabled=false, chrome={chromedriverVersion=2.40.565498 (ea082db3280dd6843ebfb08a625e3eb905c4f5ab), userDataDir=C:\Users\ly\AppData\Local\Temp\scoped_dir13512_488}, takesHeapSnapshot=true, pageLoadStrategy=normal, databaseEnabled=false, handlesAlerts=true, hasTouchScreen=false, version=66.0.3359.170, platform=XP, browserConnectionEnabled=false, nativeEvents=true, acceptSslCerts=false, acceptInsecureCerts=false, locationContextEnabled=true, webStorageEnabled=true, browserName=chrome, takesScreenshot=true, javascriptEnabled=true, cssSelectorsEnabled=true, setWindowRect=true, unexpectedAlertBehaviour=}]Session ID: 8bbaa0b243210b3eb8f5c00279241a8b]]>
            </line>
          </reporter-output>
        </test-method> <!-- test_Order_3Menu_Little -->
        <test-method status="FAIL" signature="tearDown()[pri:0, instance:com.crm.order_demo.TestNGDemo@27ce24aa]" name="tearDown" is-config="true" duration-ms="13545" started-at="2018-07-06T16:35:28Z" finished-at="2018-07-06T16:35:42Z">
          <exception class="java.lang.NullPointerException">
            <full-stacktrace>
              <![CDATA[java.lang.NullPointerExceptionat com.crm.publics.LoginUser.logout(LoginUser.java:46)at com.crm.order_demo.TestNGDemo.tearDown(TestNGDemo.java:109)at sun.reflect.NativeMethodAccessorImpl.invoke0(Native Method)at sun.reflect.NativeMethodAccessorImpl.invoke(NativeMethodAccessorImpl.java:62)at sun.reflect.DelegatingMethodAccessorImpl.invoke(DelegatingMethodAccessorImpl.java:43)at java.lang.reflect.Method.invoke(Method.java:498)at org.testng.internal.MethodInvocationHelper.invokeMethod(MethodInvocationHelper.java:124)at org.testng.internal.MethodInvocationHelper.invokeMethodConsideringTimeout(MethodInvocationHelper.java:59)at org.testng.internal.Invoker.invokeConfigurationMethod(Invoker.java:451)at org.testng.internal.Invoker.invokeConfigurations(Invoker.java:222)at org.testng.internal.Invoker.invokeConfigurations(Invoker.java:142)at org.testng.SuiteRunner.privateRun(SuiteRunner.java:425)at org.testng.SuiteRunner.run(SuiteRunner.java:364)at org.testng.SuiteRunnerWorker.runSuite(SuiteRunnerWorker.java:52)at org.testng.SuiteRunnerWorker.run(SuiteRunnerWorker.java:84)at org.testng.TestNG.runSuitesSequentially(TestNG.java:1187)at org.testng.TestNG.runSuitesLocally(TestNG.java:1116)at org.testng.TestNG.runSuites(TestNG.java:1028)at org.testng.TestNG.run(TestNG.java:996)at org.testng.remote.AbstractRemoteTestNG.run(AbstractRemoteTestNG.java:114)at org.testng.remote.RemoteTestNG.initAndRun(RemoteTestNG.java:251)at org.testng.remote.RemoteTestNG.main(RemoteTestNG.java:77)]]>
            </full-stacktrace>
          </exception> <!-- java.lang.NullPointerException -->
          <reporter-output>
          </reporter-output>
        </test-method> <!-- tearDown -->
      </class> <!-- com.crm.order_demo.TestNGDemo -->
    </test> <!-- Default test -->
  </suite> <!-- Default suite -->
</testng-results>
