<?xml version="1.0" encoding="UTF-8"?>
<testng-results skipped="0" failed="0" ignored="0" total="4" passed="4">
  <reporter-output>
    <line>
      <![CDATA[登记状态：登记成功患者信息：L自动化患者    男    37岁订单编号：101011807020090]]>
    </line>
    <line>
      <![CDATA[登记状态：登记成功患者信息：L自动化患者    男    37岁订单编号：101011807020100]]>
    </line>
    <line>
      <![CDATA[登记状态：登记成功患者信息：L自动化患者    男    37岁订单编号：101011807020110]]>
    </line>
  </reporter-output>
  <suite name="Default suite" duration-ms="96630" started-at="2018-07-02T08:22:23Z" finished-at="2018-07-02T08:23:59Z">
    <groups>
    </groups>
    <test name="Default test" duration-ms="96630" started-at="2018-07-02T08:22:23Z" finished-at="2018-07-02T08:23:59Z">
      <class name="com.crm.seleniumDemo.seleniumCrmDemo">
        <test-method status="PASS" signature="setUp()[pri:0, instance:com.crm.seleniumDemo.seleniumCrmDemo@77ec78b9]" name="setUp" is-config="true" duration-ms="3658" started-at="2018-07-02T16:22:19Z" finished-at="2018-07-02T16:22:23Z">
          <reporter-output>
          </reporter-output>
        </test-method> <!-- setUp -->
        <test-method status="PASS" signature="login(java.lang.String, java.lang.String, java.lang.String)[pri:0, instance:com.crm.seleniumDemo.seleniumCrmDemo@77ec78b9]" name="login" duration-ms="3726" started-at="2018-07-02T16:22:23Z" data-provider="user3" finished-at="2018-07-02T16:22:26Z">
          <params>
            <param index="0">
              <value>
                <![CDATA[testwanhu]]>
              </value>
            </param>
            <param index="1">
              <value>
                <![CDATA[a12345678]]>
              </value>
            </param>
            <param index="2">
              <value>
                <![CDATA[登录成功]]>
              </value>
            </param>
          </params>
          <reporter-output>
          </reporter-output>
        </test-method> <!-- login -->
        <test-method status="PASS" signature="test_Order_1Management()[pri:0, instance:com.crm.seleniumDemo.seleniumCrmDemo@77ec78b9]" name="test_Order_1Management" duration-ms="29129" started-at="2018-07-02T16:22:26Z" finished-at="2018-07-02T16:22:55Z">
          <reporter-output>
            <line>
              <![CDATA[登记状态：登记成功患者信息：L自动化患者    男    37岁订单编号：101011807020090]]>
            </line>
          </reporter-output>
        </test-method> <!-- test_Order_1Management -->
        <test-method status="PASS" signature="test_Order_2Navigation_Bar()[pri:0, instance:com.crm.seleniumDemo.seleniumCrmDemo@77ec78b9]" name="test_Order_2Navigation_Bar" duration-ms="32227" started-at="2018-07-02T16:22:56Z" finished-at="2018-07-02T16:23:28Z">
          <reporter-output>
            <line>
              <![CDATA[登记状态：登记成功患者信息：L自动化患者    男    37岁订单编号：101011807020100]]>
            </line>
          </reporter-output>
        </test-method> <!-- test_Order_2Navigation_Bar -->
        <test-method status="PASS" signature="test_Order_3Menu_Little()[pri:0, instance:com.crm.seleniumDemo.seleniumCrmDemo@77ec78b9]" name="test_Order_3Menu_Little" duration-ms="31412" started-at="2018-07-02T16:23:28Z" finished-at="2018-07-02T16:23:59Z">
          <reporter-output>
            <line>
              <![CDATA[登记状态：登记成功患者信息：L自动化患者    男    37岁订单编号：101011807020110]]>
            </line>
          </reporter-output>
        </test-method> <!-- test_Order_3Menu_Little -->
        <test-method status="PASS" signature="tearDown()[pri:0, instance:com.crm.seleniumDemo.seleniumCrmDemo@77ec78b9]" name="tearDown" is-config="true" duration-ms="3432" started-at="2018-07-02T16:23:59Z" finished-at="2018-07-02T16:24:03Z">
          <reporter-output>
          </reporter-output>
        </test-method> <!-- tearDown -->
      </class> <!-- com.crm.seleniumDemo.seleniumCrmDemo -->
    </test> <!-- Default test -->
  </suite> <!-- Default suite -->
</testng-results>
