<?xml version="1.0" encoding="UTF-8"?>
<testng-results skipped="0" failed="0" ignored="0" total="6" passed="6">
  <reporter-output>
  </reporter-output>
  <suite name="Default suite" duration-ms="36928" started-at="2018-03-06T02:24:59Z" finished-at="2018-03-06T02:25:36Z">
    <groups>
    </groups>
    <test name="Default test" duration-ms="36928" started-at="2018-03-06T02:24:59Z" finished-at="2018-03-06T02:25:36Z">
      <class name="com.crmtestng.selenuimCrmTest">
        <test-method status="PASS" signature="setUp()[pri:0, instance:com.crmtestng.selenuimCrmTest@670b40af]" name="setUp" is-config="true" duration-ms="4397" started-at="2018-03-06T10:24:55Z" finished-at="2018-03-06T10:24:59Z">
          <reporter-output>
          </reporter-output>
        </test-method> <!-- setUp -->
        <test-method status="PASS" signature="testCrmNg1(java.lang.String, java.lang.String, java.lang.String)[pri:0, instance:com.crmtestng.selenuimCrmTest@670b40af]" name="testCrmNg1" duration-ms="2550" started-at="2018-03-06T10:24:59Z" data-provider="user1" finished-at="2018-03-06T10:25:02Z">
          <params>
            <param index="0">
              <value>
                <![CDATA[wanhu]]>
              </value>
            </param>
            <param index="1">
              <value>
                <![CDATA[123]]>
              </value>
            </param>
            <param index="2">
              <value>
                <![CDATA[密码不正确]]>
              </value>
            </param>
          </params>
          <reporter-output>
          </reporter-output>
        </test-method> <!-- testCrmNg1 -->
        <test-method status="PASS" signature="testCrmNg1(java.lang.String, java.lang.String, java.lang.String)[pri:0, instance:com.crmtestng.selenuimCrmTest@670b40af]" name="testCrmNg1" duration-ms="1282" started-at="2018-03-06T10:25:02Z" data-provider="user1" finished-at="2018-03-06T10:25:03Z">
          <params>
            <param index="0">
              <value>
                <![CDATA[wanh]]>
              </value>
            </param>
            <param index="1">
              <value>
                <![CDATA[1236]]>
              </value>
            </param>
            <param index="2">
              <value>
                <![CDATA[用户名 wanh 没有找到]]>
              </value>
            </param>
          </params>
          <reporter-output>
          </reporter-output>
        </test-method> <!-- testCrmNg1 -->
        <test-method status="PASS" signature="testCrmNg2(java.lang.String, java.lang.String, java.lang.String)[pri:0, instance:com.crmtestng.selenuimCrmTest@670b40af]" name="testCrmNg2" duration-ms="1718" started-at="2018-03-06T10:25:03Z" data-provider="user2" finished-at="2018-03-06T10:25:05Z">
          <params>
            <param index="0">
              <value>
                <![CDATA[]]>
              </value>
            </param>
            <param index="1">
              <value>
                <![CDATA[]]>
              </value>
            </param>
            <param index="2">
              <value>
                <![CDATA[请输入用户名或密码]]>
              </value>
            </param>
          </params>
          <reporter-output>
          </reporter-output>
        </test-method> <!-- testCrmNg2 -->
        <test-method status="PASS" signature="testCrmNg2(java.lang.String, java.lang.String, java.lang.String)[pri:0, instance:com.crmtestng.selenuimCrmTest@670b40af]" name="testCrmNg2" duration-ms="1369" started-at="2018-03-06T10:25:05Z" data-provider="user2" finished-at="2018-03-06T10:25:06Z">
          <params>
            <param index="0">
              <value>
                <![CDATA[wanhu]]>
              </value>
            </param>
            <param index="1">
              <value>
                <![CDATA[]]>
              </value>
            </param>
            <param index="2">
              <value>
                <![CDATA[请输入用户名或密码]]>
              </value>
            </param>
          </params>
          <reporter-output>
          </reporter-output>
        </test-method> <!-- testCrmNg2 -->
        <test-method status="PASS" signature="testCrmNg2(java.lang.String, java.lang.String, java.lang.String)[pri:0, instance:com.crmtestng.selenuimCrmTest@670b40af]" name="testCrmNg2" duration-ms="1241" started-at="2018-03-06T10:25:06Z" data-provider="user2" finished-at="2018-03-06T10:25:07Z">
          <params>
            <param index="0">
              <value>
                <![CDATA[]]>
              </value>
            </param>
            <param index="1">
              <value>
                <![CDATA[1231]]>
              </value>
            </param>
            <param index="2">
              <value>
                <![CDATA[请输入用户名或密码]]>
              </value>
            </param>
          </params>
          <reporter-output>
          </reporter-output>
        </test-method> <!-- testCrmNg2 -->
        <test-method status="PASS" signature="testCrmNg3(java.lang.String, java.lang.String, java.lang.String)[pri:0, instance:com.crmtestng.selenuimCrmTest@670b40af]" name="testCrmNg3" duration-ms="28743" started-at="2018-03-06T10:25:07Z" data-provider="user3" finished-at="2018-03-06T10:25:36Z">
          <params>
            <param index="0">
              <value>
                <![CDATA[wanhu]]>
              </value>
            </param>
            <param index="1">
              <value>
                <![CDATA[123456]]>
              </value>
            </param>
            <param index="2">
              <value>
                <![CDATA[]]>
              </value>
            </param>
          </params>
          <reporter-output>
          </reporter-output>
        </test-method> <!-- testCrmNg3 -->
        <test-method status="PASS" signature="tearDown()[pri:0, instance:com.crmtestng.selenuimCrmTest@670b40af]" name="tearDown" is-config="true" duration-ms="1087" started-at="2018-03-06T10:25:36Z" finished-at="2018-03-06T10:25:37Z">
          <reporter-output>
          </reporter-output>
        </test-method> <!-- tearDown -->
      </class> <!-- com.crmtestng.selenuimCrmTest -->
    </test> <!-- Default test -->
  </suite> <!-- Default suite -->
</testng-results>
