<?xml version="1.0" encoding="UTF-8"?>
<!-- Generated by org.testng.reporters.JUnitXMLReporter -->
<testsuite hostname="ly-PC" ignored="0" name="Default test" tests="4" failures="0" timestamp="02 七月 2018 08:23:59 GMT" time="96.63" errors="0">
  <testcase name="login" time="3.726" classname="com.crm.seleniumDemo.seleniumCrmDemo"/>
  <testcase name="test_Order_1Management" time="29.129" classname="com.crm.seleniumDemo.seleniumCrmDemo"/>
  <testcase name="test_Order_2Navigation_Bar" time="32.227" classname="com.crm.seleniumDemo.seleniumCrmDemo"/>
  <testcase name="test_Order_3Menu_Little" time="31.412" classname="com.crm.seleniumDemo.seleniumCrmDemo"/>
</testsuite> <!-- Default test -->
